Error: A JNI error has occurred, please check your installation and try again
Exception in thread "main" java.lang.SecurityException: Invalid signature file digest for Manifest main attributes
	at java.base/sun.security.util.SignatureFileVerifier.processImpl(SignatureFileVerifier.java:336)
	at java.base/sun.security.util.SignatureFileVerifier.process(SignatureFileVerifier.java:269)
	at java.base/java.util.jar.JarVerifier.processEntry(JarVerifier.java:316)
	at java.base/java.util.jar.JarVerifier.update(JarVerifier.java:230)
	at java.base/java.util.jar.JarFile.initializeVerifier(JarFile.java:759)
	at java.base/java.util.jar.JarFile.ensureInitialization(JarFile.java:1038)
	at java.base/java.util.jar.JavaUtilJarAccessImpl.ensureInitialization(JavaUtilJarAccessImpl.java:69)
	at java.base/jdk.internal.loader.URLClassPath$JarLoader$2.getManifest(URLClassPath.java:870)
	at java.base/jdk.internal.loader.BuiltinClassLoader.defineClass(BuiltinClassLoader.java:786)
	at java.base/jdk.internal.loader.BuiltinClassLoader.findClassOnClassPathOrNull(BuiltinClassLoader.java:698)
	at java.base/jdk.internal.loader.BuiltinClassLoader.loadClassOrNull(BuiltinClassLoader.java:621)
	at java.base/jdk.internal.loader.BuiltinClassLoader.loadClass(BuiltinClassLoader.java:579)
	at java.base/jdk.internal.loader.ClassLoaders$AppClassLoader.loadClass(ClassLoaders.java:178)
	at java.base/java.lang.ClassLoader.loadClass(ClassLoader.java:522)
	at java.base/java.lang.Class.forName0(Native Method)
	at java.base/java.lang.Class.forName(Class.java:398)
	at java.base/sun.launcher.LauncherHelper.loadMainClass(LauncherHelper.java:760)
	at java.base/sun.launcher.LauncherHelper.checkAndLoadMain(LauncherHelper.java:655)
Error: Unable to access jarfile /mnt/c/Dev/Studium/Studienarbeit/DL4JDSLStudien2/languageserver/preprolanguageclient/target/preprolanguageclient.jar
Error: Unable to access jarfile "/mnt/c/Dev/Studium/Studienarbeit/DL4JDSLStudien2/languageserver/preprolanguageclient/target/preprolanguageclient.jar"
Error: Unable to access jarfile "/mnt/c/Dev/Studium/Studienarbeit/DL4JDSLStudien2/languageserver/preprolanguageclient/target/preprolanguageclient.jar"
Error: Unable to access jarfile "/mnt/c/Dev/Studium/Studienarbeit/DL4JDSLStudien2/languageserver/preprolanguageclient/target/preprolanguageclient.jar"
Error: Unable to access jarfile "/mnt/c/Dev/Studium/Studienarbeit/DL4JDSLStudien2/languageserver/preprolanguageclient/target/preprolanguageclient.jar"
Error: Unable to access jarfile /mnt/c/Dev/Studium/Studienarbeit/DL4JDSLStudien2/languageserver/launcher/target/preprolanguagelauncher.jar
